\BOOKMARK [0][-]{chapter.1}{Introduction}{}
\BOOKMARK [1][-]{section.1.1}{Related Work}{chapter.1}
\BOOKMARK [1][-]{section.1.2}{Overview}{chapter.1}
\BOOKMARK [1][-]{section.1.3}{LeChal-Systems and Integration}{chapter.1}
\BOOKMARK [2][-]{subsection.1.3.1}{High Level Navigation}{section.1.3}
\BOOKMARK [2][-]{subsection.1.3.2}{Low Level Navigation}{section.1.3}
\BOOKMARK [2][-]{subsection.1.3.3}{Obstacle and Terrain Detection}{section.1.3}
\BOOKMARK [2][-]{subsection.1.3.4}{Feedback and Communication}{section.1.3}
\BOOKMARK [1][-]{section.1.4}{Contribution}{chapter.1}
\BOOKMARK [0][-]{chapter.2}{Methodology}{}
\BOOKMARK [1][-]{section.2.1}{SONAR for obstacle detection}{chapter.2}
\BOOKMARK [1][-]{section.2.2}{Bluetooth transfer of the images}{chapter.2}
\BOOKMARK [1][-]{section.2.3}{Bluetooth}{chapter.2}
\BOOKMARK [2][-]{subsection.2.3.1}{Basics of Bluetooth}{section.2.3}
\BOOKMARK [2][-]{subsection.2.3.2}{Image Transfer}{section.2.3}
\BOOKMARK [1][-]{section.2.4}{Stereo Vision for obstacle avoidance}{chapter.2}
\BOOKMARK [2][-]{subsection.2.4.1}{Calibration}{section.2.4}
\BOOKMARK [2][-]{subsection.2.4.2}{Stereo Calibration}{section.2.4}
\BOOKMARK [2][-]{subsection.2.4.3}{Dense Stereo Correspondence}{section.2.4}
\BOOKMARK [2][-]{subsection.2.4.4}{Approximation of the height of the detected obstacle}{section.2.4}
\BOOKMARK [1][-]{section.2.5}{Implementation in OpenCV4Android}{chapter.2}
\BOOKMARK [2][-]{subsection.2.5.1}{Application Development with Async Initialization}{section.2.5}
\BOOKMARK [2][-]{subsection.2.5.2}{StereoVision in Android}{section.2.5}
\BOOKMARK [0][-]{chapter.3}{Conclusions}{}
\BOOKMARK [1][-]{section.3.1}{Future Work}{chapter.3}
